<?xml version="1.0" encoding="UTF-8"?>
<!-- Generated by org.testng.reporters.JUnitReportReporter -->
<testsuite skipped="1" hostname="Destiny-PC" name="TAB_Automation.TAB_Testing.TestBotPage" tests="2" failures="0" timestamp="13 Jul 2020 10:00:29 GMT" time="19.487" errors="1">
  <testcase name="homePageNavigation" time="0.000" classname="TAB_Automation.TAB_Testing.TestBotPage">
    <skipped/>
  </testcase> <!-- homePageNavigation -->
  <testcase name="initialization" time="19.487" classname="TAB_Automation.TAB_Testing.TestBotPage">
    <error type="org.openqa.selenium.SessionNotCreatedException" message="session not created
from disconnected: received Inspector.detached event
  (Session info: chrome=83.0.4103.116)
Build info: version: &#039;3.141.59&#039;, revision: &#039;e82be7d358&#039;, time: &#039;2018-11-14T08:17:03&#039;
System info: host: &#039;DESTINY-PC&#039;, ip: &#039;192.168.0.107&#039;, os.name: &#039;Windows 7&#039;, os.arch: &#039;amd64&#039;, os.version: &#039;6.1&#039;, java.version: &#039;1.8.0_66&#039;
Driver info: driver.version: BrowserDriver
remote stacktrace: Backtrace:
	Ordinal0 [0x01559563+2725219]
	Ordinal0 [0x01458551+1672529]
	Ordinal0 [0x01340359+525145]
	Ordinal0 [0x01338579+492921]
	Ordinal0 [0x0133818C+491916]
	Ordinal0 [0x01337AB8+490168]
	Ordinal0 [0x01336EFE+487166]
	Ordinal0 [0x01337135+487733]
	Ordinal0 [0x01336B75+486261]
	Ordinal0 [0x0133F055+520277]
	Ordinal0 [0x01336B32+486194]
	Ordinal0 [0x01337739+489273]
	Ordinal0 [0x01336EFE+487166]
	Ordinal0 [0x01337135+487733]
	Ordinal0 [0x01336B75+486261]
	Ordinal0 [0x0133D83E+514110]
	Ordinal0 [0x01336B32+486194]
	Ordinal0 [0x01337739+489273]
	Ordinal0 [0x01336EFE+487166]
	Ordinal0 [0x01337135+487733]
	Ordinal0 [0x01336B75+486261]
	Ordinal0 [0x0133BBF6+506870]
	Ordinal0 [0x01336B32+486194]
	Ordinal0 [0x01337739+489273]
	Ordinal0 [0x01336EFE+487166]
	Ordinal0 [0x01337135+487733]
	Ordinal0 [0x01336B75+486261]
	Ordinal0 [0x0133B1B7+504247]
	Ordinal0 [0x01336B32+486194]
	Ordinal0 [0x01337739+489273]
	Ordinal0 [0x01336EFE+487166]
	Ordinal0 [0x01337135+487733]
	Ordinal0 [0x01336B75+486261]
	Ordinal0 [0x0133337C+471932]
	Ordinal0 [0x01336B32+486194]
	Ordinal0 [0x01336A87+486023]
	Ordinal0 [0x01340FF0+528368]
	Ordinal0 [0x012ED6C9+186057]
	Ordinal0 [0x012ECA3D+182845]
	Ordinal0 [0x012EA94B+174411]
	Ordinal0 [0x012D2528+75048]
	Ordinal0 [0x012D35A0+79264]
	Ordinal0 [0x012D3539+79161]
	Ordinal0 [0x0146D607+1758727]
	GetHandleVerifier [0x01676546+1050150]
	GetHandleVerifier [0x01676291+1049457]
	GetHandleVerifier [0x016810D7+1094071]
	GetHandleVerifier [0x01676B46+1051686]
	Ordinal0 [0x01465B06+1727238]
	Ordinal0 [0x0146EB7B+1764219]
	Ordinal0 [0x0146ECE3+1764579]
	Ordinal0 [0x01484C05+1854469]
	BaseThreadInitThunk [0x74D333CA+18]
	RtlInitializeExceptionChain [0x76EE9ED2+99]
	RtlInitializeExceptionChain [0x76EE9EA5+54]
">
      <![CDATA[org.openqa.selenium.SessionNotCreatedException: session not created
from disconnected: received Inspector.detached event
  (Session info: chrome=83.0.4103.116)
Build info: version: '3.141.59', revision: 'e82be7d358', time: '2018-11-14T08:17:03'
System info: host: 'DESTINY-PC', ip: '192.168.0.107', os.name: 'Windows 7', os.arch: 'amd64', os.version: '6.1', java.version: '1.8.0_66'
Driver info: driver.version: BrowserDriver
remote stacktrace: Backtrace:
Ordinal0 [0x01559563+2725219]
Ordinal0 [0x01458551+1672529]
Ordinal0 [0x01340359+525145]
Ordinal0 [0x01338579+492921]
Ordinal0 [0x0133818C+491916]
Ordinal0 [0x01337AB8+490168]
Ordinal0 [0x01336EFE+487166]
Ordinal0 [0x01337135+487733]
Ordinal0 [0x01336B75+486261]
Ordinal0 [0x0133F055+520277]
Ordinal0 [0x01336B32+486194]
Ordinal0 [0x01337739+489273]
Ordinal0 [0x01336EFE+487166]
Ordinal0 [0x01337135+487733]
Ordinal0 [0x01336B75+486261]
Ordinal0 [0x0133D83E+514110]
Ordinal0 [0x01336B32+486194]
Ordinal0 [0x01337739+489273]
Ordinal0 [0x01336EFE+487166]
Ordinal0 [0x01337135+487733]
Ordinal0 [0x01336B75+486261]
Ordinal0 [0x0133BBF6+506870]
Ordinal0 [0x01336B32+486194]
Ordinal0 [0x01337739+489273]
Ordinal0 [0x01336EFE+487166]
Ordinal0 [0x01337135+487733]
Ordinal0 [0x01336B75+486261]
Ordinal0 [0x0133B1B7+504247]
Ordinal0 [0x01336B32+486194]
Ordinal0 [0x01337739+489273]
Ordinal0 [0x01336EFE+487166]
Ordinal0 [0x01337135+487733]
Ordinal0 [0x01336B75+486261]
Ordinal0 [0x0133337C+471932]
Ordinal0 [0x01336B32+486194]
Ordinal0 [0x01336A87+486023]
Ordinal0 [0x01340FF0+528368]
Ordinal0 [0x012ED6C9+186057]
Ordinal0 [0x012ECA3D+182845]
Ordinal0 [0x012EA94B+174411]
Ordinal0 [0x012D2528+75048]
Ordinal0 [0x012D35A0+79264]
Ordinal0 [0x012D3539+79161]
Ordinal0 [0x0146D607+1758727]
GetHandleVerifier [0x01676546+1050150]
GetHandleVerifier [0x01676291+1049457]
GetHandleVerifier [0x016810D7+1094071]
GetHandleVerifier [0x01676B46+1051686]
Ordinal0 [0x01465B06+1727238]
Ordinal0 [0x0146EB7B+1764219]
Ordinal0 [0x0146ECE3+1764579]
Ordinal0 [0x01484C05+1854469]
BaseThreadInitThunk [0x74D333CA+18]
RtlInitializeExceptionChain [0x76EE9ED2+99]
RtlInitializeExceptionChain [0x76EE9EA5+54]

at sun.reflect.NativeConstructorAccessorImpl.newInstance0(Native Method)
at sun.reflect.NativeConstructorAccessorImpl.newInstance(NativeConstructorAccessorImpl.java:62)
at sun.reflect.DelegatingConstructorAccessorImpl.newInstance(DelegatingConstructorAccessorImpl.java:45)
at java.lang.reflect.Constructor.newInstance(Constructor.java:422)
at org.openqa.selenium.remote.W3CHandshakeResponse.lambda$errorHandler$0(W3CHandshakeResponse.java:62)
at org.openqa.selenium.remote.HandshakeResponse.lambda$getResponseFunction$0(HandshakeResponse.java:30)
at org.openqa.selenium.remote.ProtocolHandshake.lambda$createSession$0(ProtocolHandshake.java:126)
at java.util.stream.ReferencePipeline$3$1.accept(ReferencePipeline.java:193)
at java.util.Spliterators$ArraySpliterator.tryAdvance(Spliterators.java:958)
at java.util.stream.ReferencePipeline.forEachWithCancel(ReferencePipeline.java:126)
at java.util.stream.AbstractPipeline.copyIntoWithCancel(AbstractPipeline.java:498)
at java.util.stream.AbstractPipeline.copyInto(AbstractPipeline.java:485)
at java.util.stream.AbstractPipeline.wrapAndCopyInto(AbstractPipeline.java:471)
at java.util.stream.FindOps$FindOp.evaluateSequential(FindOps.java:152)
at java.util.stream.AbstractPipeline.evaluate(AbstractPipeline.java:234)
at java.util.stream.ReferencePipeline.findFirst(ReferencePipeline.java:464)
at org.openqa.selenium.remote.ProtocolHandshake.createSession(ProtocolHandshake.java:128)
at org.openqa.selenium.remote.ProtocolHandshake.createSession(ProtocolHandshake.java:74)
at org.openqa.selenium.remote.HttpCommandExecutor.execute(HttpCommandExecutor.java:136)
at org.openqa.selenium.remote.service.DriverCommandExecutor.execute(DriverCommandExecutor.java:83)
at org.openqa.selenium.remote.RemoteWebDriver.execute(RemoteWebDriver.java:552)
at org.openqa.selenium.remote.RemoteWebDriver.startSession(RemoteWebDriver.java:213)
at org.openqa.selenium.remote.RemoteWebDriver.<init>(RemoteWebDriver.java:131)
at org.openqa.selenium.chrome.ChromeDriver.<init>(ChromeDriver.java:181)
at org.openqa.selenium.chrome.ChromeDriver.<init>(ChromeDriver.java:168)
at org.openqa.selenium.chrome.ChromeDriver.<init>(ChromeDriver.java:123)
at Resources.BrowserDriver.initializeDriver(BrowserDriver.java:28)
at TAB_Automation.TAB_Testing.TestBotPage.initialization(TestBotPage.java:16)
at sun.reflect.NativeMethodAccessorImpl.invoke0(Native Method)
at sun.reflect.NativeMethodAccessorImpl.invoke(NativeMethodAccessorImpl.java:62)
at sun.reflect.DelegatingMethodAccessorImpl.invoke(DelegatingMethodAccessorImpl.java:43)
at java.lang.reflect.Method.invoke(Method.java:497)
at org.testng.internal.MethodInvocationHelper.invokeMethod(MethodInvocationHelper.java:124)
at org.testng.internal.MethodInvocationHelper.invokeMethodConsideringTimeout(MethodInvocationHelper.java:59)
at org.testng.internal.Invoker.invokeConfigurationMethod(Invoker.java:458)
at org.testng.internal.Invoker.invokeConfigurations(Invoker.java:222)
at org.testng.internal.Invoker.invokeConfigurations(Invoker.java:142)
at org.testng.TestRunner.beforeRun(TestRunner.java:529)
at org.testng.TestRunner.run(TestRunner.java:497)
at org.testng.SuiteRunner.runTest(SuiteRunner.java:455)
at org.testng.SuiteRunner.runSequentially(SuiteRunner.java:450)
at org.testng.SuiteRunner.privateRun(SuiteRunner.java:415)
at org.testng.SuiteRunner.run(SuiteRunner.java:364)
at org.testng.SuiteRunnerWorker.runSuite(SuiteRunnerWorker.java:52)
at org.testng.SuiteRunnerWorker.run(SuiteRunnerWorker.java:84)
at org.testng.TestNG.runSuitesSequentially(TestNG.java:1208)
at org.testng.TestNG.runSuitesLocally(TestNG.java:1137)
at org.testng.TestNG.runSuites(TestNG.java:1049)
at org.testng.TestNG.run(TestNG.java:1017)
at org.testng.remote.AbstractRemoteTestNG.run(AbstractRemoteTestNG.java:114)
at org.testng.remote.RemoteTestNG.initAndRun(RemoteTestNG.java:251)
at org.testng.remote.RemoteTestNG.main(RemoteTestNG.java:77)
]]>
    </error>
  </testcase> <!-- initialization -->
</testsuite> <!-- TAB_Automation.TAB_Testing.TestBotPage -->
